This file contains any messages produced by compilers while
running configure, to aid debugging if configure makes a mistake.

It was created by magit configure 0.8.2, which was
generated by GNU Autoconf 2.65.  Invocation command line was

  $ ./configure 

## --------- ##
## Platform. ##
## --------- ##

hostname = dapidev.orionet.ru
uname -m = i686
uname -r = 2.6.35-25-generic-pae
uname -s = Linux
uname -v = #43-Ubuntu SMP Thu Jan 6 22:42:26 UTC 2011

/usr/bin/uname -p = unknown
/bin/uname -X     = unknown

/bin/arch              = unknown
/usr/bin/arch -k       = unknown
/usr/convex/getsysinfo = unknown
/usr/bin/hostinfo      = unknown
/bin/machine           = unknown
/usr/bin/oslevel       = unknown
/bin/universe          = unknown

PATH: /home/danil/App/bin
PATH: /home/danil/.rvm/gems/ruby-1.8.7-p302/bin
PATH: /home/danil/.rvm/gems/ruby-1.8.7-p302@global/bin
PATH: /home/danil/.rvm/rubies/ruby-1.8.7-p302/bin
PATH: /home/danil/.rvm/bin
PATH: /home/danil/bin
PATH: /usr/local/sbin
PATH: /usr/local/bin
PATH: /usr/sbin
PATH: /usr/bin
PATH: /sbin
PATH: /bin
PATH: /usr/games


## ----------- ##
## Core tests. ##
## ----------- ##

configure:1713: checking for a BSD-compatible install
configure:1781: result: /usr/bin/install -c
configure:1792: checking whether build environment is sane
configure:1842: result: yes
configure:1983: checking for a thread-safe mkdir -p
configure:2022: result: /bin/mkdir -p
configure:2035: checking for gawk
configure:2065: result: no
configure:2035: checking for mawk
configure:2051: found /usr/bin/mawk
configure:2062: result: mawk
configure:2073: checking whether make sets $(MAKE)
configure:2095: result: yes
configure:2328: creating ./config.status

## ---------------------- ##
## Running config.status. ##
## ---------------------- ##

This file was extended by magit config.status 0.8.2, which was
generated by GNU Autoconf 2.65.  Invocation command line was

  CONFIG_FILES    = 
  CONFIG_HEADERS  = 
  CONFIG_LINKS    = 
  CONFIG_COMMANDS = 
  $ ./config.status 

on dapidev.orionet.ru

config.status:744: creating Makefile
config.status:744: creating magit-pkg.el
config.status:744: creating magit.spec

## ---------------- ##
## Cache variables. ##
## ---------------- ##

ac_cv_env_build_alias_set=
ac_cv_env_build_alias_value=
ac_cv_env_host_alias_set=
ac_cv_env_host_alias_value=
ac_cv_env_target_alias_set=
ac_cv_env_target_alias_value=
ac_cv_path_install='/usr/bin/install -c'
ac_cv_path_mkdir=/bin/mkdir
ac_cv_prog_AWK=mawk
ac_cv_prog_make_make_set=yes

## ----------------- ##
## Output variables. ##
## ----------------- ##

ACLOCAL='${SHELL} /home/danil/.emacs.d/elpa/magit-0.8.2/missing --run aclocal-1.11'
AMTAR='${SHELL} /home/danil/.emacs.d/elpa/magit-0.8.2/missing --run tar'
AUTOCONF='${SHELL} /home/danil/.emacs.d/elpa/magit-0.8.2/missing --run autoconf'
AUTOHEADER='${SHELL} /home/danil/.emacs.d/elpa/magit-0.8.2/missing --run autoheader'
AUTOMAKE='${SHELL} /home/danil/.emacs.d/elpa/magit-0.8.2/missing --run automake-1.11'
AWK='mawk'
CYGPATH_W='echo'
DEFS='-DPACKAGE_NAME=\"magit\" -DPACKAGE_TARNAME=\"magit\" -DPACKAGE_VERSION=\"0.8.2\" -DPACKAGE_STRING=\"magit\ 0.8.2\" -DPACKAGE_BUGREPORT=\"\" -DPACKAGE_URL=\"\" -DPACKAGE=\"magit\" -DVERSION=\"0.8.2\"'
ECHO_C=''
ECHO_N='-n'
ECHO_T=''
INSTALL_DATA='${INSTALL} -m 644'
INSTALL_PROGRAM='${INSTALL}'
INSTALL_SCRIPT='${INSTALL}'
INSTALL_STRIP_PROGRAM='$(install_sh) -c -s'
LIBOBJS=''
LIBS=''
LTLIBOBJS=''
MAKEINFO='${SHELL} /home/danil/.emacs.d/elpa/magit-0.8.2/missing --run makeinfo'
MKDIR_P='/bin/mkdir -p'
PACKAGE='magit'
PACKAGE_BUGREPORT=''
PACKAGE_NAME='magit'
PACKAGE_STRING='magit 0.8.2'
PACKAGE_TARNAME='magit'
PACKAGE_URL=''
PACKAGE_VERSION='0.8.2'
PATH_SEPARATOR=':'
SET_MAKE=''
SHELL='/bin/bash'
SITESTART='$(sysconfdir)/emacs/site-start.d'
STRIP=''
VERSION='0.8.2'
am__isrc=''
am__leading_dot='.'
am__tar='${AMTAR} chof - "$$tardir"'
am__untar='${AMTAR} xf -'
bindir='${exec_prefix}/bin'
build_alias=''
datadir='${datarootdir}'
datarootdir='${prefix}/share'
docdir='${datarootdir}/doc/${PACKAGE_TARNAME}'
dvidir='${docdir}'
exec_prefix='${prefix}'
host_alias=''
htmldir='${docdir}'
includedir='${prefix}/include'
infodir='${datarootdir}/info'
install_sh='${SHELL} /home/danil/.emacs.d/elpa/magit-0.8.2/install-sh'
libdir='${exec_prefix}/lib'
libexecdir='${exec_prefix}/libexec'
localedir='${datarootdir}/locale'
localstatedir='${prefix}/var'
mandir='${datarootdir}/man'
mkdir_p='/bin/mkdir -p'
oldincludedir='/usr/include'
pdfdir='${docdir}'
prefix='/usr/local'
program_transform_name='s,x,x,'
psdir='${docdir}'
sbindir='${exec_prefix}/sbin'
sharedstatedir='${prefix}/com'
sysconfdir='${prefix}/etc'
target_alias=''

## ----------- ##
## confdefs.h. ##
## ----------- ##

/* confdefs.h */
#define PACKAGE_NAME "magit"
#define PACKAGE_TARNAME "magit"
#define PACKAGE_VERSION "0.8.2"
#define PACKAGE_STRING "magit 0.8.2"
#define PACKAGE_BUGREPORT ""
#define PACKAGE_URL ""
#define PACKAGE "magit"
#define VERSION "0.8.2"

configure: exit 0
